<?xml version="1.0" encoding="UTF-8"?>
<testsuite xmlns:xsi="http://www.w3.org/2001/XMLSchema-instance" xsi:noNamespaceSchemaLocation="https://maven.apache.org/surefire/maven-surefire-plugin/xsd/surefire-test-report.xsd" name="com.unlimitedcompanies.coms.domain.unitTests.DomainSecurityUnitTest" time="0" tests="9" errors="0" skipped="0" failures="0">
  <properties>
    <property name="sun.desktop" value="gnome"/>
    <property name="awt.toolkit" value="sun.awt.X11.XToolkit"/>
    <property name="java.specification.version" value="10"/>
    <property name="file.encoding.pkg" value="sun.io"/>
    <property name="sun.cpu.isalist" value=""/>
    <property name="sun.jnu.encoding" value="UTF-8"/>
    <property name="java.class.path" value="/home/anderson/Documents/Construction Management System/Coms Project/ComsRepository/coms/testing/target/test-classes:/home/anderson/Documents/Construction Management System/Coms Project/ComsRepository/coms/testing/target/classes:/home/anderson/Documents/Construction Management System/Coms Project/ComsRepository/coms/data/target/data-0.0.1.jar:/home/anderson/.m2/repository/org/apache/logging/log4j/log4j-core/2.11.0/log4j-core-2.11.0.jar:/home/anderson/.m2/repository/org/apache/logging/log4j/log4j-api/2.11.0/log4j-api-2.11.0.jar:/home/anderson/.m2/repository/mysql/mysql-connector-java/8.0.11/mysql-connector-java-8.0.11.jar:/home/anderson/.m2/repository/com/google/protobuf/protobuf-java/2.6.0/protobuf-java-2.6.0.jar:/home/anderson/.m2/repository/org/apache/tomcat/tomcat-jdbc/9.0.10/tomcat-jdbc-9.0.10.jar:/home/anderson/.m2/repository/org/apache/tomcat/tomcat-juli/9.0.10/tomcat-juli-9.0.10.jar:/home/anderson/.m2/repository/javax/persistence/javax.persistence-api/2.2/javax.persistence-api-2.2.jar:/home/anderson/.m2/repository/org/hibernate/hibernate-core/5.3.3.Final/hibernate-core-5.3.3.Final.jar:/home/anderson/.m2/repository/org/jboss/logging/jboss-logging/3.3.2.Final/jboss-logging-3.3.2.Final.jar:/home/anderson/.m2/repository/org/javassist/javassist/3.23.1-GA/javassist-3.23.1-GA.jar:/home/anderson/.m2/repository/net/bytebuddy/byte-buddy/1.8.13/byte-buddy-1.8.13.jar:/home/anderson/.m2/repository/antlr/antlr/2.7.7/antlr-2.7.7.jar:/home/anderson/.m2/repository/org/jboss/spec/javax/transaction/jboss-transaction-api_1.2_spec/1.1.1.Final/jboss-transaction-api_1.2_spec-1.1.1.Final.jar:/home/anderson/.m2/repository/org/jboss/jandex/2.0.5.Final/jandex-2.0.5.Final.jar:/home/anderson/.m2/repository/com/fasterxml/classmate/1.3.4/classmate-1.3.4.jar:/home/anderson/.m2/repository/javax/activation/javax.activation-api/1.2.0/javax.activation-api-1.2.0.jar:/home/anderson/.m2/repository/dom4j/dom4j/1.6.1/dom4j-1.6.1.jar:/home/anderson/.m2/repository/org/hibernate/common/hibernate-commons-annotations/5.0.4.Final/hibernate-commons-annotations-5.0.4.Final.jar:/home/anderson/.m2/repository/org/springframework/spring-core/5.0.7.RELEASE/spring-core-5.0.7.RELEASE.jar:/home/anderson/.m2/repository/org/springframework/spring-jcl/5.0.7.RELEASE/spring-jcl-5.0.7.RELEASE.jar:/home/anderson/.m2/repository/org/springframework/spring-beans/5.0.7.RELEASE/spring-beans-5.0.7.RELEASE.jar:/home/anderson/.m2/repository/org/springframework/spring-jdbc/5.0.7.RELEASE/spring-jdbc-5.0.7.RELEASE.jar:/home/anderson/.m2/repository/org/springframework/spring-tx/5.0.7.RELEASE/spring-tx-5.0.7.RELEASE.jar:/home/anderson/.m2/repository/org/springframework/spring-orm/5.0.7.RELEASE/spring-orm-5.0.7.RELEASE.jar:/home/anderson/.m2/repository/org/springframework/spring-context/5.0.7.RELEASE/spring-context-5.0.7.RELEASE.jar:/home/anderson/.m2/repository/org/springframework/spring-aop/5.0.7.RELEASE/spring-aop-5.0.7.RELEASE.jar:/home/anderson/.m2/repository/org/springframework/spring-expression/5.0.7.RELEASE/spring-expression-5.0.7.RELEASE.jar:/home/anderson/.m2/repository/com/sun/xml/bind/jaxb-core/2.3.0.1/jaxb-core-2.3.0.1.jar:/home/anderson/.m2/repository/javax/xml/bind/jaxb-api/2.3.0/jaxb-api-2.3.0.jar:/home/anderson/.m2/repository/com/sun/xml/bind/jaxb-impl/2.3.0.1/jaxb-impl-2.3.0.1.jar:/home/anderson/.m2/repository/javax/activation/activation/1.1.1/activation-1.1.1.jar:/home/anderson/.m2/repository/javax/validation/validation-api/2.0.1.Final/validation-api-2.0.1.Final.jar:/home/anderson/Documents/Construction Management System/Coms Project/ComsRepository/coms/service/target/service-0.0.1.jar:/home/anderson/.m2/repository/org/junit/jupiter/junit-jupiter-api/5.3.0-M1/junit-jupiter-api-5.3.0-M1.jar:/home/anderson/.m2/repository/org/apiguardian/apiguardian-api/1.0.0/apiguardian-api-1.0.0.jar:/home/anderson/.m2/repository/org/opentest4j/opentest4j/1.1.0/opentest4j-1.1.0.jar:/home/anderson/.m2/repository/org/junit/platform/junit-platform-commons/1.3.0-M1/junit-platform-commons-1.3.0-M1.jar:/home/anderson/.m2/repository/org/junit/jupiter/junit-jupiter-engine/5.3.0-M1/junit-jupiter-engine-5.3.0-M1.jar:/home/anderson/.m2/repository/org/junit/platform/junit-platform-engine/1.3.0-M1/junit-platform-engine-1.3.0-M1.jar:/home/anderson/.m2/repository/org/junit/platform/junit-platform-launcher/1.3.0-M1/junit-platform-launcher-1.3.0-M1.jar:/home/anderson/.m2/repository/org/springframework/spring-test/5.0.7.RELEASE/spring-test-5.0.7.RELEASE.jar:"/>
    <property name="java.vm.vendor" value="&quot;Oracle Corporation&quot;"/>
    <property name="sun.arch.data.model" value="64"/>
    <property name="java.vendor.url" value="http://java.oracle.com/"/>
    <property name="user.timezone" value=""/>
    <property name="java.vm.specification.version" value="10"/>
    <property name="os.name" value="Linux"/>
    <property name="sun.java.launcher" value="SUN_STANDARD"/>
    <property name="user.country" value="US"/>
    <property name="sun.boot.library.path" value="/usr/lib/jvm/jdk-10.0.2/lib"/>
    <property name="sun.java.command" value="/home/anderson/Documents/Construction Management System/Coms Project/ComsRepository/coms/testing/target/surefire/surefirebooter13295242650413623056.jar /home/anderson/Documents/Construction Management System/Coms Project/ComsRepository/coms/testing/target/surefire 2018-08-24T16-05-19_541-jvmRun1 surefire16361421987392046619tmp surefire_07027041583883134610tmp"/>
    <property name="jdk.debug" value="release"/>
    <property name="surefire.test.class.path" value="/home/anderson/Documents/Construction Management System/Coms Project/ComsRepository/coms/testing/target/test-classes:/home/anderson/Documents/Construction Management System/Coms Project/ComsRepository/coms/testing/target/classes:/home/anderson/Documents/Construction Management System/Coms Project/ComsRepository/coms/data/target/data-0.0.1.jar:/home/anderson/.m2/repository/org/apache/logging/log4j/log4j-core/2.11.0/log4j-core-2.11.0.jar:/home/anderson/.m2/repository/org/apache/logging/log4j/log4j-api/2.11.0/log4j-api-2.11.0.jar:/home/anderson/.m2/repository/mysql/mysql-connector-java/8.0.11/mysql-connector-java-8.0.11.jar:/home/anderson/.m2/repository/com/google/protobuf/protobuf-java/2.6.0/protobuf-java-2.6.0.jar:/home/anderson/.m2/repository/org/apache/tomcat/tomcat-jdbc/9.0.10/tomcat-jdbc-9.0.10.jar:/home/anderson/.m2/repository/org/apache/tomcat/tomcat-juli/9.0.10/tomcat-juli-9.0.10.jar:/home/anderson/.m2/repository/javax/persistence/javax.persistence-api/2.2/javax.persistence-api-2.2.jar:/home/anderson/.m2/repository/org/hibernate/hibernate-core/5.3.3.Final/hibernate-core-5.3.3.Final.jar:/home/anderson/.m2/repository/org/jboss/logging/jboss-logging/3.3.2.Final/jboss-logging-3.3.2.Final.jar:/home/anderson/.m2/repository/org/javassist/javassist/3.23.1-GA/javassist-3.23.1-GA.jar:/home/anderson/.m2/repository/net/bytebuddy/byte-buddy/1.8.13/byte-buddy-1.8.13.jar:/home/anderson/.m2/repository/antlr/antlr/2.7.7/antlr-2.7.7.jar:/home/anderson/.m2/repository/org/jboss/spec/javax/transaction/jboss-transaction-api_1.2_spec/1.1.1.Final/jboss-transaction-api_1.2_spec-1.1.1.Final.jar:/home/anderson/.m2/repository/org/jboss/jandex/2.0.5.Final/jandex-2.0.5.Final.jar:/home/anderson/.m2/repository/com/fasterxml/classmate/1.3.4/classmate-1.3.4.jar:/home/anderson/.m2/repository/javax/activation/javax.activation-api/1.2.0/javax.activation-api-1.2.0.jar:/home/anderson/.m2/repository/dom4j/dom4j/1.6.1/dom4j-1.6.1.jar:/home/anderson/.m2/repository/org/hibernate/common/hibernate-commons-annotations/5.0.4.Final/hibernate-commons-annotations-5.0.4.Final.jar:/home/anderson/.m2/repository/org/springframework/spring-core/5.0.7.RELEASE/spring-core-5.0.7.RELEASE.jar:/home/anderson/.m2/repository/org/springframework/spring-jcl/5.0.7.RELEASE/spring-jcl-5.0.7.RELEASE.jar:/home/anderson/.m2/repository/org/springframework/spring-beans/5.0.7.RELEASE/spring-beans-5.0.7.RELEASE.jar:/home/anderson/.m2/repository/org/springframework/spring-jdbc/5.0.7.RELEASE/spring-jdbc-5.0.7.RELEASE.jar:/home/anderson/.m2/repository/org/springframework/spring-tx/5.0.7.RELEASE/spring-tx-5.0.7.RELEASE.jar:/home/anderson/.m2/repository/org/springframework/spring-orm/5.0.7.RELEASE/spring-orm-5.0.7.RELEASE.jar:/home/anderson/.m2/repository/org/springframework/spring-context/5.0.7.RELEASE/spring-context-5.0.7.RELEASE.jar:/home/anderson/.m2/repository/org/springframework/spring-aop/5.0.7.RELEASE/spring-aop-5.0.7.RELEASE.jar:/home/anderson/.m2/repository/org/springframework/spring-expression/5.0.7.RELEASE/spring-expression-5.0.7.RELEASE.jar:/home/anderson/.m2/repository/com/sun/xml/bind/jaxb-core/2.3.0.1/jaxb-core-2.3.0.1.jar:/home/anderson/.m2/repository/javax/xml/bind/jaxb-api/2.3.0/jaxb-api-2.3.0.jar:/home/anderson/.m2/repository/com/sun/xml/bind/jaxb-impl/2.3.0.1/jaxb-impl-2.3.0.1.jar:/home/anderson/.m2/repository/javax/activation/activation/1.1.1/activation-1.1.1.jar:/home/anderson/.m2/repository/javax/validation/validation-api/2.0.1.Final/validation-api-2.0.1.Final.jar:/home/anderson/Documents/Construction Management System/Coms Project/ComsRepository/coms/service/target/service-0.0.1.jar:/home/anderson/.m2/repository/org/junit/jupiter/junit-jupiter-api/5.3.0-M1/junit-jupiter-api-5.3.0-M1.jar:/home/anderson/.m2/repository/org/apiguardian/apiguardian-api/1.0.0/apiguardian-api-1.0.0.jar:/home/anderson/.m2/repository/org/opentest4j/opentest4j/1.1.0/opentest4j-1.1.0.jar:/home/anderson/.m2/repository/org/junit/platform/junit-platform-commons/1.3.0-M1/junit-platform-commons-1.3.0-M1.jar:/home/anderson/.m2/repository/org/junit/jupiter/junit-jupiter-engine/5.3.0-M1/junit-jupiter-engine-5.3.0-M1.jar:/home/anderson/.m2/repository/org/junit/platform/junit-platform-engine/1.3.0-M1/junit-platform-engine-1.3.0-M1.jar:/home/anderson/.m2/repository/org/junit/platform/junit-platform-launcher/1.3.0-M1/junit-platform-launcher-1.3.0-M1.jar:/home/anderson/.m2/repository/org/springframework/spring-test/5.0.7.RELEASE/spring-test-5.0.7.RELEASE.jar:"/>
    <property name="sun.cpu.endian" value="little"/>
    <property name="user.home" value="/home/anderson"/>
    <property name="user.language" value="en"/>
    <property name="java.specification.vendor" value="Oracle Corporation"/>
    <property name="java.version.date" value="2018-07-17"/>
    <property name="java.home" value="/usr/lib/jvm/jdk-10.0.2"/>
    <property name="file.separator" value="/"/>
    <property name="basedir" value="/home/anderson/Documents/Construction Management System/Coms Project/ComsRepository/coms/testing"/>
    <property name="java.vm.compressedOopsMode" value="32-bit"/>
    <property name="line.separator" value="&#10;"/>
    <property name="java.specification.name" value="Java Platform API Specification"/>
    <property name="java.vm.specification.vendor" value="Oracle Corporation"/>
    <property name="java.awt.graphicsenv" value="sun.awt.X11GraphicsEnvironment"/>
    <property name="surefire.real.class.path" value="/home/anderson/Documents/Construction Management System/Coms Project/ComsRepository/coms/testing/target/surefire/surefirebooter13295242650413623056.jar"/>
    <property name="sun.management.compiler" value="HotSpot 64-Bit Tiered Compilers"/>
    <property name="java.runtime.version" value="10.0.2+13"/>
    <property name="user.name" value="anderson"/>
    <property name="path.separator" value=":"/>
    <property name="os.version" value="4.15.0-33-generic"/>
    <property name="java.runtime.name" value="Java(TM) SE Runtime Environment"/>
    <property name="file.encoding" value="UTF-8"/>
    <property name="java.vm.name" value="Java HotSpot(TM) 64-Bit Server VM"/>
    <property name="java.vendor.version" value="18.3"/>
    <property name="localRepository" value="/home/anderson/.m2/repository"/>
    <property name="java.vendor.url.bug" value="http://bugreport.java.com/bugreport/"/>
    <property name="java.io.tmpdir" value="/tmp"/>
    <property name="java.version" value="10.0.2"/>
    <property name="user.dir" value="/home/anderson/Documents/Construction Management System/Coms Project/ComsRepository/coms/testing"/>
    <property name="os.arch" value="amd64"/>
    <property name="java.vm.specification.name" value="Java Virtual Machine Specification"/>
    <property name="java.awt.printerjob" value="sun.print.PSPrinterJob"/>
    <property name="sun.os.patch.level" value="unknown"/>
    <property name="java.library.path" value="/usr/java/packages/lib:/usr/lib64:/lib64:/lib:/usr/lib"/>
    <property name="java.vendor" value="Oracle Corporation"/>
    <property name="java.vm.info" value="mixed mode"/>
    <property name="java.vm.version" value="10.0.2+13"/>
    <property name="sun.io.unicode.encoding" value="UnicodeLittle"/>
    <property name="java.class.version" value="54.0"/>
  </properties>
  <testcase name="datesForUsersFormatingTesting" classname="com.unlimitedcompanies.coms.domain.unitTests.DomainSecurityUnitTest" time="0"/>
  <testcase name="roleEqualsTest" classname="com.unlimitedcompanies.coms.domain.unitTests.DomainSecurityUnitTest" time="0"/>
  <testcase name="equalUserTest" classname="com.unlimitedcompanies.coms.domain.unitTests.DomainSecurityUnitTest" time="0"/>
  <testcase name="phoneEqualTest" classname="com.unlimitedcompanies.coms.domain.unitTests.DomainSecurityUnitTest" time="0"/>
  <testcase name="phoneNotEqualTest" classname="com.unlimitedcompanies.coms.domain.unitTests.DomainSecurityUnitTest" time="0"/>
  <testcase name="phoneWithInvalidNumberTest" classname="com.unlimitedcompanies.coms.domain.unitTests.DomainSecurityUnitTest" time="0"/>
  <testcase name="contactEqualsTest" classname="com.unlimitedcompanies.coms.domain.unitTests.DomainSecurityUnitTest" time="0"/>
  <testcase name="addressEqualsTest" classname="com.unlimitedcompanies.coms.domain.unitTests.DomainSecurityUnitTest" time="0"/>
  <testcase name="contactNotEqualTest" classname="com.unlimitedcompanies.coms.domain.unitTests.DomainSecurityUnitTest" time="0"/>
</testsuite>